Arguments: 
  C:\Program Files\nodejs\node.exe C:\Users\NobleProg\AppData\Roaming\npm\node_modules\yarn\bin\yarn.js add --exact react react-dom react-scripts cra-template-reacto_appo --cwd C:\Gitowcy\react-training-21-23-03-2022\my-app

PATH: 
  C:\Users\NOBLEP~1\AppData\Local\Temp\yarn--1647872393923-0.5411957886742007;C:\Users\NobleProg\AppData\Local\Yarn\Data\global\node_modules\.bin;C:\Users\NobleProg\AppData\Local\Yarn\Data\link\node_modules\.bin;C:\Users\NobleProg\AppData\Local\Yarn\bin;C:\Program Files\libexec\lib\node_modules\npm\bin\node-gyp-bin;C:\Program Files\lib\node_modules\npm\bin\node-gyp-bin;C:\Program Files\nodejs\node_modules\npm\bin\node-gyp-bin;C:\Python310\Scripts\;C:\Python310\;C:\Windows\system32;C:\Windows;C:\Windows\System32\Wbem;C:\Windows\System32\WindowsPowerShell\v1.0\;C:\Windows\System32\OpenSSH\;C:\Program Files\nodejs\;C:\ProgramData\chocolatey\bin;C:\Program Files\Git\cmd;C:\Users\NobleProg\AppData\Local\Microsoft\WindowsApps;C:\Users\NobleProg\AppData\Roaming\npm;C:\Users\NobleProg\AppData\Local\Programs\Microsoft VS Code\bin

Yarn version: 
  1.22.18

Node version: 
  16.14.2

Platform: 
  win32 x64

Trace: 
  Error: https://registry.yarnpkg.com/cra-template-reacto_appo: Not found
      at Request.params.callback [as _callback] (C:\Users\NobleProg\AppData\Roaming\npm\node_modules\yarn\lib\cli.js:66138:18)
      at Request.self.callback (C:\Users\NobleProg\AppData\Roaming\npm\node_modules\yarn\lib\cli.js:140883:22)
      at Request.emit (node:events:526:28)
      at Request.<anonymous> (C:\Users\NobleProg\AppData\Roaming\npm\node_modules\yarn\lib\cli.js:141855:10)
      at Request.emit (node:events:526:28)
      at IncomingMessage.<anonymous> (C:\Users\NobleProg\AppData\Roaming\npm\node_modules\yarn\lib\cli.js:141777:12)
      at Object.onceWrapper (node:events:645:28)
      at IncomingMessage.emit (node:events:538:35)
      at endReadableNT (node:internal/streams/readable:1345:12)
      at processTicksAndRejections (node:internal/process/task_queues:83:21)

npm manifest: 
  {
    "name": "my-app",
    "version": "0.1.0",
    "private": true
  }

yarn manifest: 
  No manifest

Lockfile: 
  No lockfile
